<?xml version="1.0" encoding="utf-8"?><testsuites name="pytest tests"><testsuite name="pytest" errors="0" failures="2" skipped="0" tests="14" time="38.989" timestamp="2026-08-30T01:51:13.618075+00:00" hostname="agent-env-1a75af52-d057-4619-87be-595e7f5dfbb2"><testcase classname="tests.test_iteration3.TestCyclone" name="test_hazards_registry" time="2.531" /><testcase classname="tests.test_iteration3.TestCyclone" name="test_create_cyclone_hazard" time="0.148"><failure message="AssertionError: {'hazard': {'hazard_id': 'HZ-01M185T94875PFNG9AX4SEY761', 'active': True, 'created_at': '2026-08-30T01:51:16.617279+00:00', 'debris': False, ...}, 'hazard_module': 'cyclone', 'event_id': '01M185T949ECDMVH18035GHSS4'}&#10;assert (None)">tests/test_iteration3.py:368: in test_create_cyclone_hazard
    assert sev and 0.5 &lt; float(sev) &lt; 1.0, j
E   AssertionError: {'hazard': {'hazard_id': 'HZ-01M185T94875PFNG9AX4SEY761', 'active': True, 'created_at': '2026-08-30T01:51:16.617279+00:00', 'debris': False, ...}, 'hazard_module': 'cyclone', 'event_id': '01M185T949ECDMVH18035GHSS4'}
E   assert (None)</failure></testcase><testcase classname="tests.test_iteration3.TestMeshRelay" name="test_end_to_end_relay" time="37.493" /><testcase classname="tests.test_iteration3.TestCyclone" name="test_unknown_hazard_module_422" time="0.104" /><testcase classname="tests.test_iteration3.TestCyclone" name="test_road_graph_reflects_cyclone" time="0.160" /><testcase classname="tests.test_iteration3.TestDeviceSigning" name="test_register_server_keystore" time="0.120" /><testcase classname="tests.test_iteration3.TestDeviceSigning" name="test_register_client_webcrypto" time="1.570" /><testcase classname="tests.test_iteration3.TestDeviceSigning" name="test_end_to_end_signed_envelope" time="33.549"><failure message="AssertionError: {'event_id': 'RDXVA7B48F6EG1FSTH8WSYEM8S', 'status': 'applied', 'reason': None}&#10;assert None is True&#10; +  where None = &lt;built-in method get of dict object at 0xf8e215701f40&gt;('signature_verified')&#10; +    where &lt;built-in method get of dict object at 0xf8e215701f40&gt; = {'event_id': 'RDXVA7B48F6EG1FSTH8WSYEM8S', 'status': 'applied', 'reason': None}.get">tests/test_iteration3.py:303: in test_end_to_end_signed_envelope
    assert item.get("signature_verified") is True, item
E   AssertionError: {'event_id': 'RDXVA7B48F6EG1FSTH8WSYEM8S', 'status': 'applied', 'reason': None}
E   assert None is True
E    +  where None = &lt;built-in method get of dict object at 0xf8e215701f40&gt;('signature_verified')
E    +    where &lt;built-in method get of dict object at 0xf8e215701f40&gt; = {'event_id': 'RDXVA7B48F6EG1FSTH8WSYEM8S', 'status': 'applied', 'reason': None}.get</failure></testcase><testcase classname="tests.test_iteration3.TestMeshRelay" name="test_mesh_relay_validation_same_peer" time="0.153" /><testcase classname="tests.test_iteration3.TestMeshRelay" name="test_mesh_relay_unknown_peer_404" time="0.133" /><testcase classname="tests.test_iteration3.TestMeshRelay" name="test_mesh_relay_transport_unavailable" time="0.652" /><testcase classname="tests.test_iteration3.TestAdminRegression" name="test_admin_can_list_organizations" time="0.135" /><testcase classname="tests.test_iteration3.TestAdminRegression" name="test_admin_can_list_users" time="0.109" /><testcase classname="tests.test_iteration3.TestAdminRegression" name="test_admin_can_list_devices" time="0.117" /></testsuite></testsuites>