<?xml version="1.0" encoding="utf-8"?><testsuites name="pytest tests"><testsuite name="pytest" errors="0" failures="0" skipped="0" tests="20" time="40.017" timestamp="2026-08-29T23:04:35.641411+00:00" hostname="agent-env-1a75af52-d057-4619-87be-595e7f5dfbb2"><testcase classname="tests.backend_test.TestAuth" name="test_all_roles_login" time="5.002" /><testcase classname="tests.backend_test.TestAuth" name="test_me_returns_role_permissions" time="0.248" /><testcase classname="tests.backend_test.TestAuth" name="test_wrong_password_401" time="0.382" /><testcase classname="tests.backend_test.TestRBAC" name="test_citizen_cannot_list_all_requests" time="5.637" /><testcase classname="tests.backend_test.TestAuth" name="test_brute_force_lockout" time="0.781" /><testcase classname="tests.backend_test.TestRBAC" name="test_responder_cannot_approve_recommendation" time="0.131" /><testcase classname="tests.backend_test.TestRBAC" name="test_admin_cannot_approve_recommendation" time="0.281" /><testcase classname="tests.backend_test.TestRBAC" name="test_audit_records_denials" time="0.269" /><testcase classname="tests.backend_test.TestOfflineSync" name="test_register_device_and_sync_envelope" time="7.024" /><testcase classname="tests.backend_test.TestOfflineSync" name="test_sync_status_and_digest" time="0.279" /><testcase classname="tests.backend_test.TestTransports" name="test_list_transports" time="0.198" /><testcase classname="tests.backend_test.TestTransports" name="test_degrade_and_restore" time="1.390" /><testcase classname="tests.backend_test.TestCapacity" name="test_hospital_capacity_idempotent" time="0.413" /><testcase classname="tests.backend_test.TestGateways" name="test_list_gateways" time="0.161" /><testcase classname="tests.backend_test.TestSimulation" name="test_simulation_isolated" time="2.427" /><testcase classname="tests.backend_test.TestAudit" name="test_audit_list" time="0.306" /><testcase classname="tests.backend_test.TestPrivacy" name="test_analyst_gets_redacted" time="0.132" /><testcase classname="tests.backend_test.TestPipeline" name="test_pipeline_full_shape" time="27.857" /><testcase classname="tests.backend_test.TestPipeline" name="test_idempotency_key" time="4.853" /><testcase classname="tests.backend_test.TestApproval" name="test_pending_recommendations_and_approve" time="0.302" /></testsuite></testsuites>